
Level  1  "LESSON 1" Time Limit:  100  seconds Chips: 11 
Collect chips to get past the chip socket. Use keys to open doors.
Password : BDHP

Level  2  "LESSON 2" Time Limit:  100  seconds Chips: 4 
Push blocks into water to make dirt. Watch out for monsters.
Password : JXMJ

Level  3  "LESSON 3" Time Limit:  100  seconds Chips: 4 
Suction-boots for force floors. Fire boots  for fire. Flippers for water. Sk
ates for ice.
Password : ECBQ

Level  4  "LESSON 4" Time Limit:  150  seconds Chips: 9 
The blue button controls the tanks. The green button toggles walls. Sometime
s things are hidden under blocks.
Password : YMCJ

Level  5  "LESSON 5" Time Limit:  100  seconds Chips: 0 
The red button controls the clone machine. The brown button opens traps.
Password : TQKB

Level  6  "LESSON 6" Time Limit:  100  seconds Chips: 4 
Blue walls may be fake. Some invisible walls never appear. There can be extr
a chips.
Password : WNLD

Level  7  "LESSON 7" Time Limit:  150  seconds Chips: 3 
Teleports can be directional. The thief takes your tools. New walls can appe
ar under you.
Password : FXQO

Level  8  "LESSON 8" Time Limit:  100  seconds Chips: 1 
Monsters are stopped by dirt and gravel.
Password : NHAG

Level  9  "NUTS AND BOLTS" Time Limit:  400  seconds Chips: 9 
Password : KCRE

Level  10  "BRUSHFIRE" Time Limit:  80  seconds Chips: 0 
Password : UVWS

Level  11  "TRINITY" Time Limit:  300  seconds Chips: 3 
Password : CNPE

Level  12  "HUNT" Time Limit:  400  seconds Chips: 652 
Password : WVHI

Level  13  "SOUTHPOLE" Time Limit:  0  seconds Chips: 0 
What was the name of this level?
Password : OCKS

Level  14  "TELEBLOCK" Time Limit:  250  seconds Chips: 4 
Password : BTDY

Level  15  "ELEMENTARY" Time Limit:  250  seconds Chips: 12 
Password : COZQ

Level  16  "CELLBLOCKED" Time Limit:  0  seconds Chips: 0 
Press Ctrl+R (or choose Restart from the Level menu) to restart any level.
Password : SKKK

Level  17  "NICE DAY" Time Limit:  100  seconds Chips: 46 
Password : AJMG

Level  18  "CASTLE MOAT" Time Limit:  600  seconds Chips: 0 
Password : HMJL

Level  19  "DIGGER" Time Limit:  210  seconds Chips: 146 
Password : MRHR

Level  20  "TOSSED SALAD" Time Limit:  400  seconds Chips: 15 
Password : KGFP

Level  21  "ICEBERG" Time Limit:  150  seconds Chips: 9 
Password : UGRW

Level  22  "FORCED ENTRY" Time Limit:  300  seconds Chips: 8 
Password : WZIN

Level  23  "BLOBNET" Time Limit:  500  seconds Chips: 88 
Password : HUVE

Level  24  "OORTO GELD" Time Limit:  550  seconds Chips: 48 
Password : UNIZ

Level  25  "BLINK" Time Limit:  600  seconds Chips: 28 
Password : PQGV

Level  26  "CHCHCHIPS" Time Limit:  300  seconds Chips: 170 
Password : YVYJ

Level  27  "GO WITH THE FLOW" Time Limit:  200  seconds Chips: 6 
Password : IGGZ

Level  28  "PING PONG" Time Limit:  300  seconds Chips: 22 
Password : UJDO

Level  29  "ARCTICFLOW" Time Limit:  400  seconds Chips: 5 
Password : QGOL

Level  30  "MISHMESH" Time Limit:  600  seconds Chips: 36 
Password : BQZP

Level  31  "KNOT" Time Limit:  29  seconds Chips: 118 
Password : RYMS

Level  32  "SCAVENGER HUNT" Time Limit:  600  seconds Chips: 3 
Password : PEFS

Level  33  "ON THE ROCKS" Time Limit:  0  seconds Chips: 9 
Password : BQSN

Level  34  "CYPHER" Time Limit:  350  seconds Chips: 14 
Password : NQFI

Level  35  "LEMMINGS" Time Limit:  600  seconds Chips: 10 
Password : VDTM

Level  36  "LADDER" Time Limit:  350  seconds Chips: 28 
Password : NXIS

Level  37  "SEEING STARS" Time Limit:  800  seconds Chips: 56 
Password : VQNK

Level  38  "SAMPLER" Time Limit:  500  seconds Chips: 1 
Password : BIFA

Level  39  "GLUT" Time Limit:  20  seconds Chips: 29 
Password : ICXY

Level  40  "FLOORGASBORG" Time Limit:  200  seconds Chips: 0 
Password : YWFH

Level  41  "I.C. YOU" Time Limit:  250  seconds Chips: 60 
Teleport direction sequence 1st rdul 2nd lulu.
Password : GKWD

Level  42  "BEWARE OF BUG" Time Limit:  300  seconds Chips: 27 
Password : LMFU

Level  43  "LOCK BLOCK" Time Limit:  200  seconds Chips: 0 
Password : UJDP

Level  44  "REFRACTION" Time Limit:  300  seconds Chips: 32 
Password : TXHL

Level  45  "MONSTER LAB" Time Limit:  300  seconds Chips: 0 
Password : OVPZ

Level  46  "THREE DOORS" Time Limit:  250  seconds Chips: 14 
Password : HDQJ

Level  47  "PIER SEVEN" Time Limit:  300  seconds Chips: 4 
Password : LXPP

Level  48  "MUGGER SQUARE" Time Limit:  300  seconds Chips: 6 
Password : JYSF

Level  49  "PROBLEMS" Time Limit:  200  seconds Chips: 23 
Password : PPXI

Level  50  "DIGDIRT" Time Limit:  350  seconds Chips: 16 
Password : QBDH

Level  51  "I SLIDE" Time Limit:  750  seconds Chips: 13 
Password : IGGJ

Level  52  "THE LAST LAUGH" Time Limit:  400  seconds Chips: 2 
Password : PPHT

Level  53  "TRAFFIC COP" Time Limit:  500  seconds Chips: 0 
Make those pesky monsters follow a path to the door trigger.
Password : CGNX

Level  54  "GRAIL" Time Limit:  350  seconds Chips: 68 
Password : ZMGC

Level  55  "POTPOURRI" Time Limit:  100  seconds Chips: 30 
Password : SJES

Level  56  "DEEPFREEZE" Time Limit:  250  seconds Chips: 8 
Password : FCJE

Level  57  "STRANGE MAZE" Time Limit:  400  seconds Chips: 35 
Password : UBXU

Level  58  "LOOP AROUND" Time Limit:  600  seconds Chips: 9 
Password : YBLT

Level  59  "HIDDEN DANGER" Time Limit:  400  seconds Chips: 8 
Password : BLDM

Level  60  "SCOUNDREL" Time Limit:  294  seconds Chips: 12 
Password : ZYVI

Level  61  "RINK" Time Limit:  0  seconds Chips: 16 
Password : RMOW

Level  62  "SLO MO" Time Limit:  300  seconds Chips: 0 
Password : TIGW

Level  63  "BLOCK FACTORY" Time Limit:  500  seconds Chips: 7 
Password : GOHX

Level  64  "SPOOKS" Time Limit:  600  seconds Chips: 41 
Password : IJPQ

Level  65  "AMSTERDAM" Time Limit:  500  seconds Chips: 51 
Password : UPUN

Level  66  "VICTIM" Time Limit:  300  seconds Chips: 12 
Password : ZIKZ

Level  67  "CHIPMINE" Time Limit:  700  seconds Chips: 28 
Password : GGJA

Level  68  "EENY MINY MOE" Time Limit:  650  seconds Chips: 52 
Password : RTDI

Level  69  "BOUNCE CITY" Time Limit:  300  seconds Chips: 0 
Password : NLLY

Level  70  "NIGHTMARE" Time Limit:  199  seconds Chips: 0 
Password : GCCG

Level  71  "CORRIDOR" Time Limit:  500  seconds Chips: 23 
Password : LAJM

Level  72  "REVERSE ALLEY" Time Limit:  0  seconds Chips: 35 
Password : EKFT

Level  73  "MORTON" Time Limit:  600  seconds Chips: 28 
Password : QCCR

Level  74  "PLAYTIME" Time Limit:  400  seconds Chips: 4 
Password : MKNH

Level  75  "STEAM" Time Limit:  500  seconds Chips: 0 
Password : MJDV

Level  76  "FOUR PLEX" Time Limit:  550  seconds Chips: 20 
Password : NMRH

Level  77  "INVINCIBLE CHAMPION" Time Limit:  500  seconds Chips: 5 
Password : FHIC

Level  78  "FORCE SQUARE" Time Limit:  500  seconds Chips: 13 
Password : GRMO

Level  79  "DRAWN AND QUARTERED" Time Limit:  300  seconds Chips: 56 
Password : JINU

Level  80  "VANISHING ACT" Time Limit:  800  seconds Chips: 17 
Password : EVUG

Level  81  "WRITERS BLOCK" Time Limit:  0  seconds Chips: 56 
Password : SCWF

Level  82  "SOCIALIST ACTION" Time Limit:  999  seconds Chips: 0 
Password : LLIO

Level  83  "UP THE BLOCK" Time Limit:  400  seconds Chips: 14 
Password : OVPJ

Level  84  "WARS" Time Limit:  600  seconds Chips: 5 
Password : UVEO

Level  85  "TELENET" Time Limit:  300  seconds Chips: 15 
Password : LEBX

Level  86  "SUICIDE" Time Limit:  400  seconds Chips: 0 
Password : FLHH

Level  87  "CITYBLOCK" Time Limit:  0  seconds Chips: 34 
Password : YJYS

Level  88  "SPIRALS" Time Limit:  400  seconds Chips: 12 
Password : WZYV

Level  89  "BLOCK BUSTER" Time Limit:  450  seconds Chips: 5 
Password : VCZO

Level  90  "PLAYHOUSE" Time Limit:  400  seconds Chips: 121 
Password : OLLM

Level  91  "JUMPING SWARM" Time Limit:  400  seconds Chips: 22 
Password : JPQG

Level  92  "VORTEX" Time Limit:  500  seconds Chips: 6 
Password : DTMI

Level  93  "ROADSIGN" Time Limit:  800  seconds Chips: 4 
Password : REKF

Level  94  "NOW YOU SEE IT" Time Limit:  0  seconds Chips: 7 
Password : EWCS

Level  95  "FOUR SQUARE" Time Limit:  350  seconds Chips: 2 
Password : BIFQ

Level  96  "PARANOIA" Time Limit:  399  seconds Chips: 46 
You don't need the fire boots, but they could help later on.
Password : BIFQ

Level  97  "METASTABLE TO CHAOS" Time Limit:  300  seconds Chips: 0 
Password : IOCS

Level  98  "SHRINKING" Time Limit:  350  seconds Chips: 7 
Password : TKWD

Level  99  "CATACOMBS" Time Limit:  399  seconds Chips: 8 
Password : XUVU

Level  100  "COLONY" Time Limit:  0  seconds Chips: 48 
Password : QJXR

Level  101  "APARTMENT" Time Limit:  300  seconds Chips: 34 
Password : RPIR

Level  102  "ICEHOUSE" Time Limit:  200  seconds Chips: 3 
Password : VDDU

Level  103  "MEMORY" Time Limit:  600  seconds Chips: 37 
Password : PTAC

Level  104  "JAILER" Time Limit:  300  seconds Chips: 82 
Password : KWNL

Level  105  "SHORT CIRCUIT" Time Limit:  350  seconds Chips: 37 
Password : YNEG

Level  106  "KABLAM" Time Limit:  0  seconds Chips: 0 
Password : NXYB

Level  107  "BALLS O FIRE" Time Limit:  300  seconds Chips: 50 
Password : ECRE

Level  108  "BLOCK OUT" Time Limit:  350  seconds Chips: 31 
Password : LIOC

Level  109  "TORTURECHAMBER" Time Limit:  150  seconds Chips: 4 
Password : KZQR

Level  110  "CHILLER" Time Limit:  399  seconds Chips: 16 
Password : XBAO

Level  111  "TIME LAPSE" Time Limit:  0  seconds Chips: 4 
Password : KRQJ

Level  112  "FORTUNE FAVOURS THE" Time Limit:  0  seconds Chips: 4 
Password : NJLA

Level  113  "OPEN QUESTION" Time Limit:  500  seconds Chips: 5 
The eigth block is open.
Password : PTAS

Level  114  "DECEPTION" Time Limit:  200  seconds Chips: 12 
Password : JWNL

Level  115  "OVERSEA DELIVERY" Time Limit:  0  seconds Chips: 0 
Push the blocks to the correct island to reach the exit.
Password : EGRW

Level  116  "BLOCK BUSTER II" Time Limit:  750  seconds Chips: 27 
Password : HXMF

Level  117  "THE MARSH" Time Limit:  0  seconds Chips: 0 
Password : FPZT

Level  118  "MISS DIRECTION" Time Limit:  300  seconds Chips: 0 
Password : OSCW

Level  119  "SLIDE STEP" Time Limit:  250  seconds Chips: 38 
Password : PHTY

Level  120  "ALPHABET SOUP" Time Limit:  0  seconds Chips: 11 
Password : FLXP

Level  121  "PERFECT MATCH" Time Limit:  0  seconds Chips: 0 
Match the inner to the outer.   A perfect match.
Password : BPYS

Level  122  "TOTALLY FAIR" Time Limit:  300  seconds Chips: 6 
Password : SJUM

Level  123  "THE PRISONER" Time Limit:  299  seconds Chips: 3 
Password : YKZE

Level  124  "FIRETRAP" Time Limit:  800  seconds Chips: 22 
Password : TASX

Level  125  "MIXED NUTS" Time Limit:  0  seconds Chips: 71 
Password : MYRT

Level  126  "BLOCK N ROLL" Time Limit:  600  seconds Chips: 36 
Password : QRLD

Level  127  "SKELZIE" Time Limit:  500  seconds Chips: 21 
Password : JMWZ

Level  128  "ALL FULL" Time Limit:  400  seconds Chips: 182 
Password : FTLA

Level  129  "LOBSTER TRAP" Time Limit:  300  seconds Chips: 6 
Password : HEAN

Level  130  "ICE CUBE" Time Limit:  0  seconds Chips: 32 
Password : XHIZ

Level  131  "TOTALLY UNFAIR" Time Limit:  60  seconds Chips: 6 
Remember sjum.
Password : FIRD

Level  132  "MIX UP" Time Limit:  999  seconds Chips: 28 
Password : ZYFA

Level  133  "BLOBDANCE" Time Limit:  0  seconds Chips: 30 
Password : TIGG

Level  134  "PAIN" Time Limit:  0  seconds Chips: 7 
Password : XPPH

Level  135  "TRUST ME" Time Limit:  300  seconds Chips: 0 
Password : LYWO

Level  136  "DOUBLEMAZE" Time Limit:  0  seconds Chips: 38 
Password : LUZL

Level  137  "GOLDKEY" Time Limit:  450  seconds Chips: 0 
Password : HPPX

Level  138  "PARTIAL POST" Time Limit:  300  seconds Chips: 0 
Block teleporters to re-route them.
Password : LUJT

Level  139  "YORKHOUSE" Time Limit:  0  seconds Chips: 388 
Password : VLHH

Level  140  "ICEDEATH" Time Limit:  300  seconds Chips: 0 
Password : SJUK

Level  141  "UNDERGROUND" Time Limit:  0  seconds Chips: 15 
Password : MCJE

Level  142  "PENTAGRAM" Time Limit:  0  seconds Chips: 10 
Walk the lines of this inscribed pentagram to avoid its curse.
Password : UCRY

Level  143  "STRIPES?" Time Limit:  0  seconds Chips: 23 
Password : OKOR

Level  144  "FIREFLIES" Time Limit:  0  seconds Chips: 30 
Password : GVXQ

Level  145  "Thanks to..." Time Limit:  0  seconds Chips: 0 
Special thanks also to the WEP 4 test team!
Password : TONY

Level  146  "CAKE WALK" Time Limit:  999  seconds Chips: 13 
Password : JHEN

Level  147  "FORCE FIELD" Time Limit:  0  seconds Chips: 24 
Password : COZA

Level  148  "MIND BLOCK" Time Limit:  0  seconds Chips: 12 
Password : RGSK

Level  149  "SPECIAL" Time Limit:  999  seconds Chips: 0 
This spot would be too obvious!
Password : DIGW
